<?xml version="1.0" encoding="UTF-8"?>
<coverage generated="1715640938458" clover="3.2.0">
  <project timestamp="1715640938458" name="All files">
    <metrics statements="35" coveredstatements="33" conditionals="15" coveredconditionals="11" methods="13" coveredmethods="13" elements="63" coveredelements="57" complexity="0" loc="35" ncloc="35" packages="1" files="2" classes="2"/>
    <file name="input.js" path="E:\Nextcloud\Ecole42\React JS TS\RED-TETRIS\tetris-game\frontend\src\utils\input.js">
      <metrics statements="5" coveredstatements="5" conditionals="0" coveredconditionals="0" methods="2" coveredmethods="2"/>
      <line num="1" count="1" type="stmt"/>
      <line num="11" count="1" type="stmt"/>
      <line num="21" count="1" type="stmt"/>
      <line num="22" count="7" type="stmt"/>
      <line num="24" count="8" type="stmt"/>
    </file>
    <file name="tetrominoes.js" path="E:\Nextcloud\Ecole42\React JS TS\RED-TETRIS\tetris-game\frontend\src\utils\tetrominoes.js">
      <metrics statements="30" coveredstatements="28" conditionals="15" coveredconditionals="11" methods="11" coveredmethods="11"/>
      <line num="1" count="1" type="stmt"/>
      <line num="3" count="1" type="stmt"/>
      <line num="66" count="1" type="stmt"/>
      <line num="67" count="1" type="stmt"/>
      <line num="68" count="1" type="stmt"/>
      <line num="69" count="1" type="stmt"/>
      <line num="70" count="1" type="stmt"/>
      <line num="73" count="1" type="stmt"/>
      <line num="74" count="1" type="stmt"/>
      <line num="75" count="8" type="stmt"/>
      <line num="76" count="36" type="stmt"/>
      <line num="79" count="8" type="cond" truecount="1" falsecount="1"/>
      <line num="80" count="0" type="stmt"/>
      <line num="82" count="8" type="stmt"/>
      <line num="86" count="1" type="stmt"/>
      <line num="88" count="1" type="stmt"/>
      <line num="89" count="16" type="stmt"/>
      <line num="93" count="4" type="cond" truecount="1" falsecount="1"/>
      <line num="95" count="0" type="stmt"/>
      <line num="98" count="1" type="stmt"/>
      <line num="105" count="1" type="cond" truecount="4" falsecount="1"/>
      <line num="107" count="1" type="stmt"/>
      <line num="108" count="2" type="stmt"/>
      <line num="109" count="4" type="cond" truecount="2" falsecount="0"/>
      <line num="110" count="2" type="stmt"/>
      <line num="111" count="2" type="stmt"/>
      <line num="112" count="2" type="stmt"/>
      <line num="114" count="2" type="cond" truecount="3" falsecount="1"/>
      <line num="115" count="2" type="stmt"/>
      <line num="121" count="1" type="stmt"/>
    </file>
  </project>
</coverage>
