{"E:\\Nextcloud\\Ecole42\\React JS TS\\RED-TETRIS\\tetris-game\\frontend\\src\\utils\\input.js": {"path":"E:\\Nextcloud\\Ecole42\\React JS TS\\RED-TETRIS\\tetris-game\\frontend\\src\\utils\\input.js","statementMap":{"0":{"start":{"line":1,"column":22},"end":{"line":9,"column":1}},"1":{"start":{"line":11,"column":19},"end":{"line":19,"column":1}},"2":{"start":{"line":21,"column":28},"end":{"line":22,"column":53}},"3":{"start":{"line":22,"column":2},"end":{"line":22,"column":53}},"4":{"start":{"line":24,"column":28},"end":{"line":24,"column":53}},"5":{"start":{"line":24,"column":41},"end":{"line":24,"column":53}}},"fnMap":{"0":{"name":"(anonymous_0)","decl":{"start":{"line":21,"column":28},"end":{"line":21,"column":29}},"loc":{"start":{"line":22,"column":2},"end":{"line":22,"column":53}},"line":22},"1":{"name":"(anonymous_1)","decl":{"start":{"line":24,"column":28},"end":{"line":24,"column":29}},"loc":{"start":{"line":24,"column":41},"end":{"line":24,"column":53}},"line":24}},"branchMap":{},"s":{"0":1,"1":1,"2":1,"3":7,"4":1,"5":8},"f":{"0":7,"1":8},"b":{},"_coverageSchema":"1a1c01bbd47fc00a2c39e90264f33305004495a9","hash":"ebfb4c402c5a5598ba621ecccdc2b9a8cf563fbc"}
,"E:\\Nextcloud\\Ecole42\\React JS TS\\RED-TETRIS\\tetris-game\\frontend\\src\\utils\\tetrominoes.js": {"path":"E:\\Nextcloud\\Ecole42\\React JS TS\\RED-TETRIS\\tetris-game\\frontend\\src\\utils\\tetrominoes.js","statementMap":{"0":{"start":{"line":1,"column":18},"end":{"line":1,"column":29}},"1":{"start":{"line":3,"column":27},"end":{"line":64,"column":1}},"2":{"start":{"line":66,"column":31},"end":{"line":71,"column":1}},"3":{"start":{"line":67,"column":15},"end":{"line":67,"column":39}},"4":{"start":{"line":68,"column":16},"end":{"line":68,"column":55}},"5":{"start":{"line":69,"column":14},"end":{"line":69,"column":25}},"6":{"start":{"line":70,"column":2},"end":{"line":70,"column":26}},"7":{"start":{"line":73,"column":33},"end":{"line":84,"column":1}},"8":{"start":{"line":74,"column":2},"end":{"line":83,"column":5}},"9":{"start":{"line":75,"column":22},"end":{"line":77,"column":5}},"10":{"start":{"line":76,"column":6},"end":{"line":76,"column":54}},"11":{"start":{"line":79,"column":4},"end":{"line":81,"column":5}},"12":{"start":{"line":80,"column":6},"end":{"line":80,"column":66}},"13":{"start":{"line":82,"column":4},"end":{"line":82,"column":21}},"14":{"start":{"line":86,"column":22},"end":{"line":96,"column":1}},"15":{"start":{"line":88,"column":19},"end":{"line":90,"column":3}},"16":{"start":{"line":89,"column":4},"end":{"line":89,"column":40}},"17":{"start":{"line":89,"column":26},"end":{"line":89,"column":39}},"18":{"start":{"line":93,"column":2},"end":{"line":93,"column":65}},"19":{"start":{"line":93,"column":21},"end":{"line":93,"column":65}},"20":{"start":{"line":93,"column":50},"end":{"line":93,"column":63}},"21":{"start":{"line":95,"column":2},"end":{"line":95,"column":28}},"22":{"start":{"line":98,"column":31},"end":{"line":122,"column":1}},"23":{"start":{"line":105,"column":2},"end":{"line":105,"column":43}},"24":{"start":{"line":105,"column":36},"end":{"line":105,"column":43}},"25":{"start":{"line":107,"column":2},"end":{"line":119,"column":5}},"26":{"start":{"line":108,"column":4},"end":{"line":118,"column":7}},"27":{"start":{"line":109,"column":6},"end":{"line":117,"column":7}},"28":{"start":{"line":110,"column":25},"end":{"line":110,"column":35}},"29":{"start":{"line":111,"column":19},"end":{"line":111,"column":35}},"30":{"start":{"line":112,"column":19},"end":{"line":112,"column":38}},"31":{"start":{"line":114,"column":8},"end":{"line":116,"column":9}},"32":{"start":{"line":115,"column":10},"end":{"line":115,"column":49}},"33":{"start":{"line":121,"column":2},"end":{"line":121,"column":14}}},"fnMap":{"0":{"name":"(anonymous_0)","decl":{"start":{"line":66,"column":31},"end":{"line":66,"column":32}},"loc":{"start":{"line":66,"column":37},"end":{"line":71,"column":1}},"line":66},"1":{"name":"(anonymous_1)","decl":{"start":{"line":73,"column":33},"end":{"line":73,"column":34}},"loc":{"start":{"line":73,"column":46},"end":{"line":84,"column":1}},"line":73},"2":{"name":"(anonymous_2)","decl":{"start":{"line":74,"column":21},"end":{"line":74,"column":22}},"loc":{"start":{"line":74,"column":33},"end":{"line":83,"column":3}},"line":74},"3":{"name":"(anonymous_3)","decl":{"start":{"line":75,"column":54},"end":{"line":75,"column":55}},"loc":{"start":{"line":76,"column":6},"end":{"line":76,"column":54}},"line":76},"4":{"name":"(anonymous_4)","decl":{"start":{"line":86,"column":22},"end":{"line":86,"column":23}},"loc":{"start":{"line":86,"column":48},"end":{"line":96,"column":1}},"line":86},"5":{"name":"(anonymous_5)","decl":{"start":{"line":88,"column":29},"end":{"line":88,"column":30}},"loc":{"start":{"line":89,"column":4},"end":{"line":89,"column":40}},"line":89},"6":{"name":"(anonymous_6)","decl":{"start":{"line":89,"column":14},"end":{"line":89,"column":15}},"loc":{"start":{"line":89,"column":26},"end":{"line":89,"column":39}},"line":89},"7":{"name":"(anonymous_7)","decl":{"start":{"line":93,"column":41},"end":{"line":93,"column":42}},"loc":{"start":{"line":93,"column":50},"end":{"line":93,"column":63}},"line":93},"8":{"name":"(anonymous_8)","decl":{"start":{"line":98,"column":31},"end":{"line":98,"column":32}},"loc":{"start":{"line":104,"column":6},"end":{"line":122,"column":1}},"line":104},"9":{"name":"(anonymous_9)","decl":{"start":{"line":107,"column":16},"end":{"line":107,"column":17}},"loc":{"start":{"line":107,"column":28},"end":{"line":119,"column":3}},"line":107},"10":{"name":"(anonymous_10)","decl":{"start":{"line":108,"column":17},"end":{"line":108,"column":18}},"loc":{"start":{"line":108,"column":30},"end":{"line":118,"column":5}},"line":108}},"branchMap":{"0":{"loc":{"start":{"line":79,"column":4},"end":{"line":81,"column":5}},"type":"if","locations":[{"start":{"line":79,"column":4},"end":{"line":81,"column":5}},{"start":{},"end":{}}],"line":79},"1":{"loc":{"start":{"line":93,"column":2},"end":{"line":93,"column":65}},"type":"if","locations":[{"start":{"line":93,"column":2},"end":{"line":93,"column":65}},{"start":{},"end":{}}],"line":93},"2":{"loc":{"start":{"line":105,"column":2},"end":{"line":105,"column":43}},"type":"if","locations":[{"start":{"line":105,"column":2},"end":{"line":105,"column":43}},{"start":{},"end":{}}],"line":105},"3":{"loc":{"start":{"line":105,"column":6},"end":{"line":105,"column":34}},"type":"binary-expr","locations":[{"start":{"line":105,"column":6},"end":{"line":105,"column":12}},{"start":{"line":105,"column":16},"end":{"line":105,"column":21}},{"start":{"line":105,"column":25},"end":{"line":105,"column":34}}],"line":105},"4":{"loc":{"start":{"line":109,"column":6},"end":{"line":117,"column":7}},"type":"if","locations":[{"start":{"line":109,"column":6},"end":{"line":117,"column":7}},{"start":{},"end":{}}],"line":109},"5":{"loc":{"start":{"line":114,"column":8},"end":{"line":116,"column":9}},"type":"if","locations":[{"start":{"line":114,"column":8},"end":{"line":116,"column":9}},{"start":{},"end":{}}],"line":114},"6":{"loc":{"start":{"line":114,"column":12},"end":{"line":114,"column":40}},"type":"binary-expr","locations":[{"start":{"line":114,"column":12},"end":{"line":114,"column":28}},{"start":{"line":114,"column":32},"end":{"line":114,"column":40}}],"line":114}},"s":{"0":1,"1":1,"2":1,"3":1,"4":1,"5":1,"6":1,"7":1,"8":1,"9":8,"10":36,"11":8,"12":0,"13":8,"14":1,"15":1,"16":4,"17":16,"18":1,"19":1,"20":4,"21":0,"22":1,"23":1,"24":0,"25":1,"26":2,"27":4,"28":2,"29":2,"30":2,"31":2,"32":2,"33":1},"f":{"0":1,"1":1,"2":8,"3":36,"4":1,"5":4,"6":16,"7":4,"8":1,"9":2,"10":4},"b":{"0":[0,8],"1":[1,0],"2":[0,1],"3":[1,1,1],"4":[2,2],"5":[2,0],"6":[2,2]},"_coverageSchema":"1a1c01bbd47fc00a2c39e90264f33305004495a9","hash":"315027a3bb4ce9c60cb5fa013b9fd0c99a2dc582"}
}
