TN:
SF:src\utils\input.js
FN:21,(anonymous_0)
FN:24,(anonymous_1)
FNF:2
FNH:2
FNDA:7,(anonymous_0)
FNDA:8,(anonymous_1)
DA:1,1
DA:11,1
DA:21,1
DA:22,7
DA:24,8
LF:5
LH:5
BRF:0
BRH:0
end_of_record
TN:
SF:src\utils\tetrominoes.js
FN:66,(anonymous_0)
FN:73,(anonymous_1)
FN:74,(anonymous_2)
FN:75,(anonymous_3)
FN:86,(anonymous_4)
FN:88,(anonymous_5)
FN:89,(anonymous_6)
FN:93,(anonymous_7)
FN:98,(anonymous_8)
FN:107,(anonymous_9)
FN:108,(anonymous_10)
FNF:11
FNH:11
FNDA:1,(anonymous_0)
FNDA:1,(anonymous_1)
FNDA:8,(anonymous_2)
FNDA:36,(anonymous_3)
FNDA:1,(anonymous_4)
FNDA:4,(anonymous_5)
FNDA:16,(anonymous_6)
FNDA:4,(anonymous_7)
FNDA:1,(anonymous_8)
FNDA:2,(anonymous_9)
FNDA:4,(anonymous_10)
DA:1,1
DA:3,1
DA:66,1
DA:67,1
DA:68,1
DA:69,1
DA:70,1
DA:73,1
DA:74,1
DA:75,8
DA:76,36
DA:79,8
DA:80,0
DA:82,8
DA:86,1
DA:88,1
DA:89,16
DA:93,4
DA:95,0
DA:98,1
DA:105,1
DA:107,1
DA:108,2
DA:109,4
DA:110,2
DA:111,2
DA:112,2
DA:114,2
DA:115,2
DA:121,1
LF:30
LH:28
BRDA:79,0,0,0
BRDA:79,0,1,8
BRDA:93,1,0,1
BRDA:93,1,1,0
BRDA:105,2,0,0
BRDA:105,2,1,1
BRDA:105,3,0,1
BRDA:105,3,1,1
BRDA:105,3,2,1
BRDA:109,4,0,2
BRDA:109,4,1,2
BRDA:114,5,0,2
BRDA:114,5,1,0
BRDA:114,6,0,2
BRDA:114,6,1,2
BRF:15
BRH:11
end_of_record
